<?xml version="1.0" encoding="UTF-8"?>
<testng-results ignored="0" total="1" passed="1" failed="0" skipped="0">
  <reporter-output>
  </reporter-output>
  <suite started-at="2021-10-03T17:41:32Z" name="Default suite" finished-at="2021-10-03T17:41:54Z" duration-ms="22552">
    <groups>
    </groups>
    <test started-at="2021-10-03T17:41:32Z" name="Default test" finished-at="2021-10-03T17:41:54Z" duration-ms="22552">
      <class name="com.pathmotion.Homepage">
        <test-method signature="getDiscussionHitCounts()[pri:0, instance:com.pathmotion.Homepage@201a4587]" started-at="2021-10-03T17:41:32Z" name="getDiscussionHitCounts" finished-at="2021-10-03T17:41:54Z" duration-ms="22324" status="PASS">
          <reporter-output>
          </reporter-output>
        </test-method> <!-- getDiscussionHitCounts -->
      </class> <!-- com.pathmotion.Homepage -->
    </test> <!-- Default test -->
  </suite> <!-- Default suite -->
</testng-results>
